
A module that was compiled using NumPy 1.x cannot be run in
NumPy 2.4.2 as it may crash. To support both 1.x and 2.x
versions of NumPy, modules must be compiled with NumPy 2.0.
Some module may need to rebuild instead e.g. with 'pybind11>=2.12'.

If you are a user of the module, the easiest solution will be to
downgrade to 'numpy<2' or try to upgrade the affected module.
We expect that some modules will need time to support NumPy 2.

Traceback (most recent call last):  File "D:\Creativity\A-Share-Quant_TrY\scripts\run_v112bn_teacher_decomposition_gate_search_v1.py", line 8, in <module>
    from a_share_quant.strategy.v112bn_teacher_decomposition_gate_search_v1 import (
  File "D:\Creativity\A-Share-Quant_TrY\src\a_share_quant\strategy\v112bn_teacher_decomposition_gate_search_v1.py", line 16, in <module>
    import pandas as pd
  File "D:\Tool\Anaconda\Lib\site-packages\pandas\__init__.py", line 58, in <module>
    from pandas.core.api import (
  File "D:\Tool\Anaconda\Lib\site-packages\pandas\core\api.py", line 27, in <module>
    from pandas.core.arrays import Categorical
  File "D:\Tool\Anaconda\Lib\site-packages\pandas\core\arrays\__init__.py", line 1, in <module>
    from pandas.core.arrays.arrow import ArrowExtensionArray
  File "D:\Tool\Anaconda\Lib\site-packages\pandas\core\arrays\arrow\__init__.py", line 5, in <module>
    from pandas.core.arrays.arrow.array import ArrowExtensionArray
  File "D:\Tool\Anaconda\Lib\site-packages\pandas\core\arrays\arrow\array.py", line 65, in <module>
    from pandas.core import (
  File "D:\Tool\Anaconda\Lib\site-packages\pandas\core\ops\__init__.py", line 9, in <module>
    from pandas.core.ops.array_ops import (
  File "D:\Tool\Anaconda\Lib\site-packages\pandas\core\ops\array_ops.py", line 55, in <module>
    from pandas.core.computation import expressions
  File "D:\Tool\Anaconda\Lib\site-packages\pandas\core\computation\expressions.py", line 22, in <module>
    from pandas.core.computation.check import NUMEXPR_INSTALLED
  File "D:\Tool\Anaconda\Lib\site-packages\pandas\core\computation\check.py", line 5, in <module>
    ne = import_optional_dependency("numexpr", errors="warn")
  File "D:\Tool\Anaconda\Lib\site-packages\pandas\compat\_optional.py", line 158, in import_optional_dependency
    module = importlib.import_module(name)
  File "D:\Tool\Anaconda\Lib\importlib\__init__.py", line 90, in import_module
    return _bootstrap._gcd_import(name[level:], package, level)
  File "D:\Tool\Anaconda\Lib\site-packages\numexpr\__init__.py", line 24, in <module>
    from numexpr.interpreter import MAX_THREADS, use_vml, __BLOCK_SIZE1__
AttributeError: _ARRAY_API not found

A module that was compiled using NumPy 1.x cannot be run in
NumPy 2.4.2 as it may crash. To support both 1.x and 2.x
versions of NumPy, modules must be compiled with NumPy 2.0.
Some module may need to rebuild instead e.g. with 'pybind11>=2.12'.

If you are a user of the module, the easiest solution will be to
downgrade to 'numpy<2' or try to upgrade the affected module.
We expect that some modules will need time to support NumPy 2.

Traceback (most recent call last):  File "D:\Creativity\A-Share-Quant_TrY\scripts\run_v112bn_teacher_decomposition_gate_search_v1.py", line 8, in <module>
    from a_share_quant.strategy.v112bn_teacher_decomposition_gate_search_v1 import (
  File "D:\Creativity\A-Share-Quant_TrY\src\a_share_quant\strategy\v112bn_teacher_decomposition_gate_search_v1.py", line 16, in <module>
    import pandas as pd
  File "D:\Tool\Anaconda\Lib\site-packages\pandas\__init__.py", line 58, in <module>
    from pandas.core.api import (
  File "D:\Tool\Anaconda\Lib\site-packages\pandas\core\api.py", line 27, in <module>
    from pandas.core.arrays import Categorical
  File "D:\Tool\Anaconda\Lib\site-packages\pandas\core\arrays\__init__.py", line 1, in <module>
    from pandas.core.arrays.arrow import ArrowExtensionArray
  File "D:\Tool\Anaconda\Lib\site-packages\pandas\core\arrays\arrow\__init__.py", line 5, in <module>
    from pandas.core.arrays.arrow.array import ArrowExtensionArray
  File "D:\Tool\Anaconda\Lib\site-packages\pandas\core\arrays\arrow\array.py", line 79, in <module>
    from pandas.core.arrays.masked import BaseMaskedArray
  File "D:\Tool\Anaconda\Lib\site-packages\pandas\core\arrays\masked.py", line 56, in <module>
    from pandas.core import (
  File "D:\Tool\Anaconda\Lib\site-packages\pandas\core\nanops.py", line 54, in <module>
    bn = import_optional_dependency("bottleneck", errors="warn")
  File "D:\Tool\Anaconda\Lib\site-packages\pandas\compat\_optional.py", line 158, in import_optional_dependency
    module = importlib.import_module(name)
  File "D:\Tool\Anaconda\Lib\importlib\__init__.py", line 90, in import_module
    return _bootstrap._gcd_import(name[level:], package, level)
  File "D:\Tool\Anaconda\Lib\site-packages\bottleneck\__init__.py", line 7, in <module>
    from .move import (move_argmax, move_argmin, move_max, move_mean, move_median,
Traceback (most recent call last):
  File "D:\Tool\Anaconda\Lib\site-packages\numpy\core\_multiarray_umath.py", line 46, in __getattr__
    raise ImportError(msg)
ImportError: 
A module that was compiled using NumPy 1.x cannot be run in
NumPy 2.4.2 as it may crash. To support both 1.x and 2.x
versions of NumPy, modules must be compiled with NumPy 2.0.
Some module may need to rebuild instead e.g. with 'pybind11>=2.12'.

If you are a user of the module, the easiest solution will be to
downgrade to 'numpy<2' or try to upgrade the affected module.
We expect that some modules will need time to support NumPy 2.


Traceback (most recent call last):
  File "D:\Creativity\A-Share-Quant_TrY\scripts\run_v112bn_teacher_decomposition_gate_search_v1.py", line 48, in <module>
    main()
  File "D:\Creativity\A-Share-Quant_TrY\scripts\run_v112bn_teacher_decomposition_gate_search_v1.py", line 27, in main
    result = analyzer.analyze(
             ^^^^^^^^^^^^^^^^^
  File "D:\Creativity\A-Share-Quant_TrY\src\a_share_quant\strategy\v112bn_teacher_decomposition_gate_search_v1.py", line 205, in analyze
    non_cash_candidates = [row for row in all_candidate_rows if int(row["trade_count"]) > 0]
                                        ^^^^^^^^^^^^^^^^^^^^^^^^
AttributeError: 'V112BNTeacherDecompositionGateSearchAnalyzer' object has no attribute '_simulate_portfolio'
